
=== ascon_perm_round_window ===
VCD info: dumpfile tb_ascon_perm_round_window.vcd opened for output.
PASS ascon_perm_round_window
test/ascon_perm_round_window/tb_ascon_perm_round_window.v:135: $finish called at 220000 (1ps)

=== sdmc_crypto_helpers ===
PASS sdmc_crypto_helpers
test/sdmc_crypto_helpers/tb_sdmc_crypto_helpers.v:43: $finish called at 9000 (1ps)

=== sdmc_hash256_core_empty ===
VCD info: dumpfile tb_sdmc_hash256_core_empty.vcd opened for output.
PASS sdmc_hash256_core_empty
test/sdmc_hash256_core_empty/tb_sdmc_hash256_core_empty.v:127: $finish called at 1130000 (1ps)

=== sdmc_hash256_core_msg ===
VCD info: dumpfile tb_sdmc_hash256_core_msg.vcd opened for output.
PASS sdmc_hash256_core_msg
test/sdmc_hash256_core_msg/tb_sdmc_hash256_core_msg.v:137: $finish called at 1140000 (1ps)

=== sdmc_xof_family_core_64 ===
VCD info: dumpfile tb_sdmc_xof_family_core_64.vcd opened for output.
PASS sdmc_xof_family_core_64
test/sdmc_xof_family_core_64/tb_sdmc_xof_family_core_64.v:148: $finish called at 1900000 (1ps)

=== sdmc_xof_family_core_cxof ===
VCD info: dumpfile tb_sdmc_xof_family_core_cxof.vcd opened for output.
PASS sdmc_xof_family_core_cxof
test/sdmc_xof_family_core_cxof/tb_sdmc_xof_family_core_cxof.v:202: $finish called at 4740000 (1ps)

=== sdmc_xof_chain_family_core ===
VCD info: dumpfile tb_sdmc_xof_chain_family_core.vcd opened for output.
PASS sdmc_xof_chain_family_core
test/sdmc_xof_chain_family_core/tb_sdmc_xof_chain_family_core.v:142: $finish called at 3180000 (1ps)

=== sdmc_cxof_chain_family_core_full ===
VCD info: dumpfile tb_sdmc_cxof_chain_family_core_full.vcd opened for output.
FAIL external tokens consumed=0
test/sdmc_cxof_chain_family_core_full/tb_sdmc_cxof_chain_family_core_full.v:134: $finish called at 380000 (1ps)
